2020-03-04 11:22:48.282 INFO  - 原始报文[上报实时信息] - [232302FE4C413944484B4D543548424A584B3233360100191403040A0325000103000011111403040603251403040A0325C8]
2020-03-04 11:23:19.372 INFO  - 原始报文[上报实时信息] - [232302FE4C413944484B4D543548424A584B3233360100191403040A0325000103000011111403040603251403040A0325C8]
2020-03-04 11:36:34.764 INFO  - 原始报文[上报实时信息] - [232302FE4C413944484B4D543548424A584B3233360100191403040A0325000103000011111403040603251403040A0325C8]
2020-03-04 13:14:34.233 INFO  - 原始报文[上报实时信息] - [232302FE4C413944484B4D543548424A584B32333601001D1403040A03250001010006F0ABB10260FAB1044C0032000003E8020078ED]
2020-03-04 13:18:31.081 INFO  - 原始报文[上报实时信息] - [232302FE4C413944484B4D543548424A584B32333601001D1403040A03250001010006F0ABB10260FAB1044C0032000003E8020078ED]
2020-03-04 13:18:40.865 INFO  - 原始报文[上报实时信息] - [232302FE4C413944484B4D543548424A584B32333601001D1403040A03250001010006F0ABB10260FAB1044C0032000003E8020078ED]
2020-03-04 13:19:21.515 INFO  - 原始报文[上报实时信息] - [232302FE4C413944484B4D543548424A584B3233360100191403040A0325000103000011111403040603251403040A0325C8]
2020-03-04 13:24:25.850 INFO  - 原始报文[上报实时信息] - [232302FE4C413944484B4D543548424A584B32333601001D1403040A03250001010006F0ABB10260FAB1044C0032000003E8020078ED]
2020-03-04 14:43:41.290 INFO  - 原始报文[上报实时信息] - [232302FE4C413944484B4D543548424A584B32333601001D1403040A03250001010006F0ABB10260FAB1044C0032000003E8020078ED]
2020-03-04 14:47:39.502 INFO  - 原始报文[上报实时信息] - [232302FE4C413944484B4D543548424A584B32333601001D1403040A03250001010006F0ABB10260FAB1044C0032000003E8020078ED]
2020-03-04 14:47:55.671 INFO  - 原始报文[上报实时信息] - [232302FE4C413944484B4D543548424A584B32333601001B1403040A03250001021C2064000007D000002710009664000003E843]
2020-03-04 14:49:05.750 INFO  - 原始报文[上报实时信息] - [232302FE4C413944484B4D543548424A584B32333601001B1403040A03250001021C2064000007D000002710009664000003E843]
2020-03-04 14:52:25.352 INFO  - 原始报文[上报实时信息] - [232302FE4C413944484B4D543548424A584B32333601001B1403040A03250001021C2064000007D000002710009664000003E843]
2020-03-04 14:53:03.587 INFO  - 原始报文[上报实时信息] - [232302FE4C413944484B4D543548424A584B32333601001B1403040A03250001021C2064000007D00000271000961E000003E843]
2020-03-04 15:02:32.378 INFO  - 原始报文[上报实时信息] - [232302FE4C413944484B4D543548424A584B3233360100411403040A03250001010006F0ABB10260FAB1044C0032000003E8020078021C2064000007D00000271000961E000003E803000011111403040603251403040A03255B]
2020-03-04 15:04:07.036 INFO  - 原始报文[上报实时信息] - [232302FE4C413944484B4D543548424A584B3233360100411403040A03250001010006F0ABB10260FAB1044C0032000003E8020078021C2064000007D00000271000961E000003E803000011111403040603251403040A03255B]
2020-03-04 15:11:29.511 INFO  - 原始报文[上报实时信息] - [232302FE4C413944484B4D543548424A584B3233360100411403040A03250001010006F0ABB10260FAB1044C0032000003E8020078021C2064000007D00000271000961E000003E803000011111403040603251403040A03255B]
2020-03-04 15:19:30.569 INFO  - 原始报文[上报实时信息] - [232302FE4C413944484B4D543548424A584B3233360100411403040A03250001010006F0ABB10260FAB1044C0032000003E8020078021C2064000007D00000271000961E000003E803000011111403040603251403040A03255B]
2020-03-04 15:25:30.326 INFO  - 原始报文[上报实时信息] - [232302FE4C413944484B4D543548424A584B32333601001B1403040A03250001021C2064000007D00000271000961E000003E843]
2020-03-04 15:53:20.146 INFO  - 原始报文[上报实时信息] - [232302FE4C413944484B4D543548424A584B32333601001B1403040A03250001021C2064000007D00000271000961E000003E843]
2020-03-04 16:01:08.409 INFO  - 原始报文[上报实时信息] - [232302FE4C413944484B4D543548424A584B3233360100411403040A03250001010006F0ABB10260FAB1044C0032000003E8020078021C2064000007D00000271000961E000003E803000011111403040603251403040A03255B]
2020-03-04 16:16:47.629 INFO  - 原始报文[上报实时信息] - [232302FE4C413944484B4D543548424A584B3233360100411403040A03250001010006F0ABB10260FAB1044C0032000003E8020078021C2064000007D00000271000961E000003E803000011111403040603251403040A03255B]
2020-03-04 16:18:35.361 INFO  - 原始报文[上报实时信息] - [232302FE4C413944484B4D543548424A584B3233360100411403040A03250001010006F0ABB10260FAB1044C0032000003E8020078021C2064000007D00000271000961E000003E803000011111403040603251403040A03255B]
2020-03-04 16:19:22.596 INFO  - 原始报文[上报实时信息] - [232302FE4C413944484B4D543548424A584B3233360100411403040A03250001010006F0ABB10260FAB1044C0032000003E8020078021C2064000007D00000271000961E000003E803000011111403040603251403040A03255B]
2020-03-04 16:29:48.100 INFO  - 原始报文[上报实时信息] - [232302FE4C413944484B4D543548424A584B3233360100411403040A03250001010006F0ABB10260FAB1044C0032000003E8020078021C2064000007D00000271000961E000003E803000011111403040603251403040A03255B]
2020-03-04 16:44:25.244 INFO  - 原始报文[上报实时信息] - [232302FE4C413944484B4D543548424A584B3233360100411403040A03250001010006F0ABB10260FAB1044C0032000003E8020078021C2064000007D00000271000961E000003E803000011111403040603251403040A03255B]
2020-03-04 16:44:34.186 INFO  - 原始报文[上报实时信息] - [232302FE4C413944484B4D543548424A584B3233360100411403040A03250001010006F0ABB10260FAB1044C0032000003E8020078021C2064000007D00000271000961E000003E803000011111403040603251403040A03255B]
2020-03-04 16:46:31.579 INFO  - 原始报文[上报实时信息] - [232302FE4C413944484B4D543548424A584B32333601001B1403040A03250001021C2064000007D00000271000961E000003E843]
2020-03-04 16:46:38.453 INFO  - 原始报文[上报实时信息] - [232302FE4C413944484B4D543548424A584B32333601001B1403040A03250001021C2064000007D00000271000961E000003E843]
2020-03-04 16:47:45.963 INFO  - 原始报文[上报实时信息] - [232302FE4C413944484B4D543548424A584B32333601001B1403040A03250001021C2064000007D00000271000961E000003E843]
2020-03-04 16:48:55.609 INFO  - 原始报文[上报实时信息] - [232302FE4C413944484B4D543548424A584B3233360100411403040A03250001010006F0ABB10260FAB1044C0032000003E8020078021C2064000007D00000271000961E000003E803000011111403040603251403040A03255B]
2020-03-04 16:59:46.896 INFO  - 原始报文[上报实时信息] - [232302FE4C413944484B4D543548424A584B3233360100411403040A03250001010006F0ABB10260FAB1044C0032000003E8020078021C2064000007D00000271000961E000003E803000011111403040603251403040A03255B]
2020-03-05 08:11:13.288 INFO  - 原始报文[上报实时信息] - [232302FE4C413944484B4D543548424A584B3233360100411403040A03250001010006F0ABB10260FAB1044C0032000003E8020078021C2064000007D00000271000961E000003E803000011111403040603251403040A03255B]
